test_absolute (__main__.TestExercice) ... FAIL
test_factorial (__main__.TestExercice) ... FAIL
test_prefixes (__main__.TestExercice) ... ok
test_summation (__main__.TestExercice) ... FAIL
test_verify_ages (__main__.TestExercice) ... ok

======================================================================
FAIL: test_absolute (__main__.TestExercice)
----------------------------------------------------------------------
Traceback (most recent call last):
  File "test_exercice.py", line 22, in test_absolute
    'Mauvaise réponse'
AssertionError: Lists differ: [62.5, -62.5] != [5, 5]

First differing element 0:
62.5
5

- [62.5, -62.5]
+ [5, 5] : Mauvaise réponse

======================================================================
FAIL: test_factorial (__main__.TestExercice)
----------------------------------------------------------------------
Traceback (most recent call last):
  File "test_exercice.py", line 62, in test_factorial
    'Mauvaise réponse'
AssertionError: Lists differ: [None, None, None, None] != [1, 6, 40320, 3628800]

First differing element 0:
None
1

- [None, None, None, None]
+ [1, 6, 40320, 3628800] : Mauvaise réponse

======================================================================
FAIL: test_summation (__main__.TestExercice)
----------------------------------------------------------------------
Traceback (most recent call last):
  File "test_exercice.py", line 50, in test_summation
    'Mauvaise réponse'
AssertionError: None != 24133 : Mauvaise réponse

----------------------------------------------------------------------
Ran 5 tests in 0.001s

FAILED (failures=3)
